4.
//----------------------------------------------------------
-Complete Upload


5.
//----------------------------------------------------------
-GPLv3 and change.log added to trunk


6.
//----------------------------------------------------------
libfec.h deleted and libfec.hpp added with the same source


7.
//----------------------------------------------------------
-GPL adtvertise added
-include header added


8.
//----------------------------------------------------------
-main.cpp added
-constructor / destructor added to libfec.cpp / .hpp
-void Initialize(); added to libfce.cpp / .hpp


9.
//----------------------------------------------------------
-complete upload
